#-----------------------------------------------------------
# Vivado v2017.4 (64-bit)
# SW Build 2086221 on Fri Dec 15 20:54:30 MST 2017
# IP Build 2085800 on Fri Dec 15 22:25:07 MST 2017
# Start of session at: Fri Jun  7 13:37:12 2019
# Process ID: 31126
# Current directory: /home/alex/GitHub/ZyEthCAP/nicap_extend/scripts
# Command line: vivado -mode batch -source generate_bitstreams.tcl
# Log file: /home/alex/GitHub/ZyEthCAP/nicap_extend/scripts/vivado.log
# Journal file: /home/alex/GitHub/ZyEthCAP/nicap_extend/scripts/vivado.jou
#-----------------------------------------------------------
Sourcing tcl script '/home/alex/.Xilinx/Vivado/Vivado_init.tcl'
source generate_bitstreams.tcl
# open_checkpoint ../checkpoints/top_mode1_routed.dcp
Command: open_checkpoint ../checkpoints/top_mode1_routed.dcp

Starting open_checkpoint Task

Time (s): cpu = 00:00:00.03 ; elapsed = 00:00:00.06 . Memory (MB): peak = 1168.098 ; gain = 0.000 ; free physical = 342 ; free virtual = 15529
INFO: [Netlist 29-17] Analyzing 1403 Unisim elements for replacement
INFO: [Netlist 29-28] Unisim Transformation completed in 0 CPU seconds
INFO: [Project 1-479] Netlist was created with Vivado 2017.4
INFO: [Device 21-403] Loading part xc7z020clg400-1
INFO: [Common 17-41] Interrupt caught. Command should exit soon.
INFO: [Common 17-41] Interrupt caught. Command should exit soon.
INFO: [Common 17-41] Interrupt caught. Command should exit soon.
INFO: [Common 17-41] Interrupt caught. Command should exit soon.
INFO: [Common 17-41] Interrupt caught. Command should exit soon.
INFO: [Common 17-41] Interrupt caught. Command should exit soon.
INFO: [Common 17-41] Interrupt caught. Command should exit soon.
INFO: [Common 17-344] 'open_checkpoint' was cancelled
INFO: [Common 17-344] 'source' was cancelled
INFO: [Common 17-206] Exiting Vivado at Fri Jun  7 13:37:43 2019...
