#-----------------------------------------------------------
# Webtalk v2017.4 (64-bit)
# SW Build 2086221 on Fri Dec 15 20:54:30 MST 2017
# 
# Start of session at: Fri May  3 13:45:41 2019
# Process ID: 30289
# Current directory: /home/alex/GitHub/ZyEthCAP/nicap_extend/software/webtalk
# Command line: wbtcv -mode batch -source sdk_webtalk.tcl
# Log file: /home/alex/GitHub/ZyEthCAP/nicap_extend/software/webtalk/webtalk.log
# Journal file: /home/alex/GitHub/ZyEthCAP/nicap_extend/software/webtalk/webtalk.jou
#-----------------------------------------------------------
source sdk_webtalk.tcl
# webtalk_init -webtalk_dir /home/alex/GitHub/ZyEthCAP/nicap_extend/software/webtalk
# webtalk_register_client -client project
# webtalk_add_data -client project -key date_generated -value "2019-05-03 13:45:41" -context "software_version_and_target_device"
# webtalk_add_data -client project -key product_version -value "SDK v2017.4" -context "software_version_and_target_device"
# webtalk_add_data -client project -key build_version -value "2017.4" -context "software_version_and_target_device"
# webtalk_add_data -client project -key os_platform -value "amd64" -context "software_version_and_target_device"
# webtalk_add_data -client project -key registration_id -value "174217199_1777515649_210675447_365" -context "software_version_and_target_device"
# webtalk_add_data -client project -key tool_flow -value "SDK" -context "software_version_and_target_device"
# webtalk_add_data -client project -key beta -value "false" -context "software_version_and_target_device"
# webtalk_add_data -client project -key route_design -value "NA" -context "software_version_and_target_device"
# webtalk_add_data -client project -key target_family -value "NA" -context "software_version_and_target_device"
# webtalk_add_data -client project -key target_device -value "NA" -context "software_version_and_target_device"
# webtalk_add_data -client project -key target_package -value "NA" -context "software_version_and_target_device"
# webtalk_add_data -client project -key target_speed -value "NA" -context "software_version_and_target_device"
# webtalk_add_data -client project -key random_id -value "k73e5cakd32qd6j3o45sigff9d" -context "software_version_and_target_device"
# webtalk_add_data -client project -key project_id -value "2017.4_3" -context "software_version_and_target_device"
# webtalk_add_data -client project -key project_iteration -value "3" -context "software_version_and_target_device"
# webtalk_add_data -client project -key os_name -value "Ubuntu" -context "user_environment"
# webtalk_add_data -client project -key os_release -value "Ubuntu 18.04.2 LTS" -context "user_environment"
# webtalk_add_data -client project -key cpu_name -value "Intel(R) Core(TM) i7-6700 CPU @ 3.40GHz" -context "user_environment"
# webtalk_add_data -client project -key cpu_speed -value "2785.205 MHz" -context "user_environment"
# webtalk_add_data -client project -key total_processors -value "1" -context "user_environment"
# webtalk_add_data -client project -key system_ram -value "16.695 GB" -context "user_environment"
# webtalk_register_client -client sdk
# webtalk_add_data -client sdk -key uid -value "1556878305000" -context "sdk\\\\application/1556878305000"
# webtalk_add_data -client sdk -key hwid -value "1556808706000" -context "sdk\\\\application/1556878305000"
# webtalk_add_data -client sdk -key bspid -value "1556193610000" -context "sdk\\\\application/1556878305000"
# webtalk_add_data -client sdk -key newbsp -value "false" -context "sdk\\\\application/1556878305000"
# webtalk_add_data -client sdk -key os -value "standalone" -context "sdk\\\\application/1556878305000"
# webtalk_add_data -client sdk -key apptemplate -value "empty_application" -context "sdk\\\\application/1556878305000"
# webtalk_add_data -client sdk -key RecordType -value "APPCreation" -context "sdk\\\\application/1556878305000"
# webtalk_add_data -client sdk -key LangUsed -value "C" -context "sdk\\\\application/1556878305000"
# webtalk_add_data -client sdk -key Procused -value "ps7_cortexa9" -context "sdk\\\\application/1556878305000"
# webtalk_add_data -client sdk -key projSize -value "508.05078125" -context "sdk\\\\application/1556878305000"
# webtalk_add_data -client sdk -key uid -value "NA" -context "sdk\\\\bsp/1556887541206"
# webtalk_add_data -client sdk -key RecordType -value "ToolUsage" -context "sdk\\\\bsp/1556887541206"
# webtalk_add_data -client sdk -key BootgenCount -value "2" -context "sdk\\\\bsp/1556887541206"
# webtalk_add_data -client sdk -key DebugCount -value "49" -context "sdk\\\\bsp/1556887541206"
# webtalk_add_data -client sdk -key PerfCount -value "0" -context "sdk\\\\bsp/1556887541206"
# webtalk_add_data -client sdk -key FlashCount -value "0" -context "sdk\\\\bsp/1556887541206"
# webtalk_add_data -client sdk -key CrossTriggCount -value "0" -context "sdk\\\\bsp/1556887541206"
# webtalk_add_data -client sdk -key QemuDebugCount -value "0" -context "sdk\\\\bsp/1556887541206"
# webtalk_transmit -clientid 2814692262 -regid "174217199_1777515649_210675447_365" -xml /home/alex/GitHub/ZyEthCAP/nicap_extend/software/webtalk/usage_statistics_ext_sdk.xml -html /home/alex/GitHub/ZyEthCAP/nicap_extend/software/webtalk/usage_statistics_ext_sdk.html -wdm /home/alex/GitHub/ZyEthCAP/nicap_extend/software/webtalk/sdk_webtalk.wdm -intro "<H3>SDK Usage Report</H3><BR>"
# webtalk_terminate
INFO: [Common 17-206] Exiting Webtalk at Fri May  3 13:45:41 2019...
