#
# A fatal error has been detected by the Java Runtime Environment:
#
#  EXCEPTION_ACCESS_VIOLATION (0xc0000005) at pc=0x00007ffe16f44a10, pid=2388, tid=0x0000000000003300
#
# JRE version: Java(TM) SE Runtime Environment (8.0_112-b15) (build 1.8.0_112-b15)
# Java VM: Java HotSpot(TM) 64-Bit Server VM (25.112-b15 mixed mode windows-amd64 compressed oops)
# Problematic frame:
# C  [librdi_coregen.dll+0xf34a10]
#
# Failed to write core dump. Minidumps are not enabled by default on client versions of Windows
#
# If you would like to submit a bug report, please visit:
#   http://bugreport.java.com/bugreport/crash.jsp
# The crash happened outside the Java Virtual Machine in native code.
# See problematic frame for where to report the bug.
#

---------------  T H R E A D  ---------------

Current thread (0x000002c3de5fb000):  JavaThread "AWT-EventQueue-1" [_thread_in_native, id=13056, stack(0x000000e782900000,0x000000e782e00000)]

siginfo: ExceptionCode=0xc0000005, reading address 0xffffffffffffffff

Registers:
RAX=0x0000000000000000, RBX=0x6972726566736e01, RCX=0x000002c3e803ca00, RDX=0x000002c3f7017330
RSP=0x000000e782dfe140, RBP=0x0000000000000000, RSI=0x000002c3e803ca00, RDI=0x000002c3de5fb1f8
R8 =0x000002c3fab9c1b0, R9 =0x000002c3f7017330, R10=0x000002c3c5db922f, R11=0x0000000050c9b530
R12=0x0000000000000000, R13=0x000002c3dfe68568, R14=0x000002c3f7017330, R15=0x000002c3de5fb000
RIP=0x00007ffe16f44a10, EFLAGS=0x0000000000010246

Top of Stack: (sp=0x000000e782dfe140)
0x000000e782dfe140:   fffffffffffffffe 00007ffe048a9d23
0x000000e782dfe150:   000002c3de5fb000 000000e782dfe338
0x000000e782dfe160:   000002c3dfe5f110 fffffffffffffffe
0x000000e782dfe170:   000002c3f93b00a8 00000000f8153906
0x000000e782dfe180:   000000e782dfe320 00007ffe93aca506
0x000000e782dfe190:   000024823e3eaca3 0000000000000018
0x000000e782dfe1a0:   000000e782dfe340 000002c3de5fb1f8
0x000000e782dfe1b0:   0000000050000021 00007ffe16ee2580
0x000000e782dfe1c0:   0000000000000018 000002c3c73f5274
0x000000e782dfe1d0:   000002c3dfe68568 000000e782dfe308
0x000000e782dfe1e0:   000002c3de5fb1f8 fffffffffffffffe
0x000000e782dfe1f0:   000002c3c5eb59c0 000000005126c0d0
0x000000e782dfe200:   000000000000030e 000000000000000c
0x000000e782dfe210:   000002c3c5da7e70 0000000050000021
0x000000e782dfe220:   000000e782dfe250 000000e782dfe250
0x000000e782dfe230:   000002c3dc360480 00000007bd73df68 

Instructions: (pc=0x00007ffe16f44a10)
0x00007ffe16f449f0:   48 8b 02 48 89 42 08 48 8b 59 40 48 3b 59 48 0f
0x00007ffe16f44a00:   84 44 01 00 00 33 ed 66 0f 1f 84 00 00 00 00 00
0x00007ffe16f44a10:   48 8b 03 83 78 78 05 0f 84 e5 00 00 00 48 c7 44
0x00007ffe16f44a20:   24 48 0f 00 00 00 48 89 6c 24 40 c6 44 24 30 00 


Register to memory mapping:

RAX=0x0000000000000000 is an unknown value
RBX=0x6972726566736e01 is an unknown value
RCX=0x000002c3e803ca00 is an unknown value
RDX=0x000002c3f7017330 is an unknown value
RSP=0x000000e782dfe140 is pointing into the stack for thread: 0x000002c3de5fb000
RBP=0x0000000000000000 is an unknown value
RSI=0x000002c3e803ca00 is an unknown value
RDI=0x000002c3de5fb1f8 is an unknown value
R8 =0x000002c3fab9c1b0 is an unknown value
R9 =0x000002c3f7017330 is an unknown value
R10=0x000002c3c5db922f is at code_begin+911 in an Interpreter codelet
method entry point (kind = native)  [0x000002c3c5db8ea0, 0x000002c3c5db98c0]  2592 bytes
R11=0x0000000050c9b530 is an unknown value
R12=0x0000000000000000 is an unknown value
R13={method} {0x000002c3dfe68570} 'IPRepositoryConfiguration_getRepositories' '(JJ)V' in 'ui/data/coregen/packagerEngine'
R14=0x000002c3f7017330 is an unknown value
R15=0x000002c3de5fb000 is a thread


Stack: [0x000000e782900000,0x000000e782e00000],  sp=0x000000e782dfe140,  free space=5112k
Native frames: (J=compiled Java code, j=interpreted, Vv=VM code, C=native code)

Java frames: (J=compiled Java code, j=interpreted, Vv=VM code)
j  ui.data.coregen.packagerEngine.IPRepositoryConfiguration_getRepositories(JJ)V+0
j  ui.data.coregen.cl.a(Lui/data/coregen/cp;)V+8
j  ui.b.L.bI.lf(Z)V+21
j  ui.b.L.bI.a(Lui/frmwork/b/h;)V+58
J 22481 C1 ui.frmwork.b.k.d(Lui/frmwork/b/h;)V (61 bytes) @ 0x000002c3c9688bc4 [0x000002c3c9688400+0x7c4]
J 21286 C1 ui.frmwork.HTclEventBroker.i(JZ)V (497 bytes) @ 0x000002c3c9a18a14 [0x000002c3c9a14dc0+0x3c54]
J 20371 C1 ui.frmwork.HTclEventBroker$$Lambda$34.run()V (12 bytes) @ 0x000002c3c90debf4 [0x000002c3c90deb00+0xf4]
J 11998 C2 java.awt.EventQueue$3.run()Ljava/lang/Object; (5 bytes) @ 0x000002c3c63a5644 [0x000002c3c63a5080+0x5c4]
v  ~StubRoutines::call_stub
J 1614  java.security.AccessController.doPrivileged(Ljava/security/PrivilegedAction;Ljava/security/AccessControlContext;)Ljava/lang/Object; (0 bytes) @ 0x000002c3c63725a6 [0x000002c3c6372540+0x66]
J 11946 C2 ui.frmwork.b.d.dispatchEvent(Ljava/awt/AWTEvent;)V (45 bytes) @ 0x000002c3c6f0cd70 [0x000002c3c6f0c9c0+0x3b0]
J 12661 C2 java.awt.EventDispatchThread.pumpOneEventForFilters(I)V (295 bytes) @ 0x000002c3c7065760 [0x000002c3c70653e0+0x380]
J 19788% C1 java.awt.EventDispatchThread.pumpEventsForFilter(ILjava/awt/Conditional;Ljava/awt/EventFilter;)V (47 bytes) @ 0x000002c3c6ae96f4 [0x000002c3c6ae93a0+0x354]
j  java.awt.EventDispatchThread.pumpEventsForHierarchy(ILjava/awt/Conditional;Ljava/awt/Component;)V+11
j  java.awt.EventDispatchThread.pumpEvents(ILjava/awt/Conditional;)V+4
j  java.awt.EventDispatchThread.pumpEvents(Ljava/awt/Conditional;)V+3
j  java.awt.EventDispatchThread.run()V+9
v  ~StubRoutines::call_stub

---------------  P R O C E S S  ---------------

Java Threads: ( => current thread )
  0x000002c3e4c05800 JavaThread "Package IP" [_thread_blocked, id=12528, stack(0x000000e785b00000,0x000000e786000000)]
  0x000002c3e4c09000 JavaThread "Image Fetcher 3" daemon [_thread_blocked, id=21932, stack(0x000000e787a00000,0x000000e787f00000)]
  0x000002c3e10ba000 JavaThread "Update Runs Swing Worker" [_thread_blocked, id=3492, stack(0x000000e786000000,0x000000e786500000)]
  0x000002c3e10b7000 JavaThread "Refresh Filesets Swing Worker" [_thread_blocked, id=6908, stack(0x000000e785100000,0x000000e785600000)]
  0x000002c3e4c08800 JavaThread "SyntheticaAnimation 50" daemon [_thread_blocked, id=22312, stack(0x000000e786b00000,0x000000e787000000)]
  0x000002c3e4c02800 JavaThread "Swing-Shell" daemon [_thread_blocked, id=6372, stack(0x000000e781a00000,0x000000e781f00000)]
  0x000002c3e4c01800 JavaThread "SyntheticaAnimation 50" daemon [_thread_blocked, id=23360, stack(0x000000e784100000,0x000000e784600000)]
  0x000002c3e4bfd000 JavaThread "Thread-23" [_thread_in_native, id=22532, stack(0x000000e784000000,0x000000e784100000)]
  0x000002c3e4c00000 JavaThread "Thread-22" [_thread_in_native, id=21876, stack(0x000000e7fcb00000,0x000000e7fcc00000)]
  0x000002c3e10bc800 JavaThread "hw_ila_monitor" [_thread_blocked, id=12264, stack(0x000000e785600000,0x000000e785b00000)]
  0x000002c3e10bb000 JavaThread "SyntheticaAnimation 70" daemon [_thread_blocked, id=18924, stack(0x000000e784c00000,0x000000e785100000)]
  0x000002c3e10b8800 JavaThread "SyntheticaAnimation 25" daemon [_thread_blocked, id=22680, stack(0x000000e784700000,0x000000e784c00000)]
  0x000002c3e10b8000 JavaThread "SyntheticaAnimation 50" daemon [_thread_blocked, id=21764, stack(0x000000e783b00000,0x000000e784000000)]
  0x000002c3e10b9800 JavaThread "Batik CleanerThread" daemon [_thread_blocked, id=476, stack(0x000000e783300000,0x000000e783800000)]
  0x000002c3e0cba800 JavaThread "SyntheticaCleanerThread" daemon [_thread_blocked, id=19352, stack(0x000000e781f00000,0x000000e782400000)]
=>0x000002c3de5fb000 JavaThread "AWT-EventQueue-1" [_thread_in_native, id=13056, stack(0x000000e782900000,0x000000e782e00000)]
  0x000002c3e0fa2800 JavaThread "Process Messages" [_thread_blocked, id=12236, stack(0x000000e782400000,0x000000e782900000)]
  0x000002c3e0fa5800 JavaThread "Thread-3" [_thread_in_native, id=21968, stack(0x000000e7fcc00000,0x000000e7fe000000)]
  0x000002c3de259000 JavaThread "AWT-Windows" daemon [_thread_in_native, id=1672, stack(0x000000e781500000,0x000000e781a00000)]
  0x000002c3de258800 JavaThread "AWT-Shutdown" [_thread_blocked, id=20532, stack(0x000000e781000000,0x000000e781500000)]
  0x000002c3de2c6000 JavaThread "Java2D Disposer" daemon [_thread_blocked, id=16692, stack(0x000000e780b00000,0x000000e781000000)]
  0x000002c3de235000 JavaThread "TimerQueue" daemon [_thread_blocked, id=21168, stack(0x000000e780600000,0x000000e780b00000)]
  0x000002c3c2455800 JavaThread "Service Thread" daemon [_thread_blocked, id=18188, stack(0x000000e780000000,0x000000e780500000)]
  0x000002c3c2449000 JavaThread "C1 CompilerThread2" daemon [_thread_blocked, id=10136, stack(0x000000e7fff00000,0x000000e800000000)]
  0x000002c3c2445000 JavaThread "C2 CompilerThread1" daemon [_thread_blocked, id=10908, stack(0x000000e7ffe00000,0x000000e7fff00000)]
  0x000002c3c2441800 JavaThread "C2 CompilerThread0" daemon [_thread_blocked, id=3020, stack(0x000000e7ffd00000,0x000000e7ffe00000)]
  0x000002c3c2440000 JavaThread "Attach Listener" daemon [_thread_blocked, id=13068, stack(0x000000e7ff800000,0x000000e7ffd00000)]
  0x000002c3c243f000 JavaThread "Signal Dispatcher" daemon [_thread_blocked, id=10340, stack(0x000000e7ff300000,0x000000e7ff800000)]
  0x000002c3c2424800 JavaThread "Finalizer" daemon [_thread_blocked, id=20664, stack(0x000000e7fee00000,0x000000e7ff300000)]
  0x000002c3c2403000 JavaThread "Reference Handler" daemon [_thread_blocked, id=19708, stack(0x000000e7fe900000,0x000000e7fee00000)]
  0x000002c3c1f04800 JavaThread "main" [_thread_blocked, id=21388, stack(0x000000e7fe300000,0x000000e7fe400000)]

Other Threads:
  0x000002c3c23ff800 VMThread [stack: 0x000000e7fe800000,0x000000e7fe900000] [id=15396]
  0x000002c3c24ef000 WatcherThread [stack: 0x000000e780500000,0x000000e780600000] [id=5748]

VM state:not at safepoint (normal execution)

VM Mutex/Monitor currently owned by a thread: None

Heap:
 PSYoungGen      total 46592K, used 20047K [0x00000007bc400000, 0x00000007c0000000, 0x00000007c0000000)
  eden space 32768K, 61% used [0x00000007bc400000,0x00000007bd793f08,0x00000007be400000)
  from space 13824K, 0% used [0x00000007be400000,0x00000007be400000,0x00000007bf180000)
  to   space 13312K, 0% used [0x00000007bf300000,0x00000007bf300000,0x00000007c0000000)
 ParOldGen       total 258048K, used 132660K [0x0000000700000000, 0x000000070fc00000, 0x00000007bc400000)
  object space 258048K, 51% used [0x0000000700000000,0x000000070818d078,0x000000070fc00000)
 Metaspace       used 82080K, capacity 83029K, committed 83584K, reserved 1120256K
  class space    used 12622K, capacity 12814K, committed 12928K, reserved 1048576K

Card table byte_map: [0x000002c3d5160000,0x000002c3d5770000] byte_map_base: 0x000002c3d1960000

Marking Bits: (ParMarkBitMap*) 0x000000005128a6d0
 Begin Bits: [0x000002c3d5d60000, 0x000002c3d8d60000)
 End Bits:   [0x000002c3d8d60000, 0x000002c3dbd60000)

Polling page: 0x000002c3bd5f0000

CodeCache: size=245760Kb used=67713Kb max_used=67846Kb free=178046Kb
 bounds [0x000002c3c5da0000, 0x000002c3ca070000, 0x000002c3d4da0000]
 total_blobs=18193 nmethods=17202 adapters=893
 compilation: enabled

Compilation events (10 events):
Event: 850.761 Thread 0x000002c3c2449000 nmethod 23324 0x000002c3c736aad0 code [0x000002c3c736ac20, 0x000002c3c736ad38]
Event: 850.763 Thread 0x000002c3c2445000 nmethod 23307 0x000002c3ca05f110 code [0x000002c3ca05f5c0, 0x000002c3ca0663e8]
Event: 850.763 Thread 0x000002c3c2449000 23323       1       com.jidesoft.document.DocumentComponent::getIcon (5 bytes)
Event: 850.763 Thread 0x000002c3c2449000 nmethod 23323 0x000002c3c736b150 code [0x000002c3c736b2a0, 0x000002c3c736b3b8]
Event: 851.246 Thread 0x000002c3c2449000 23325   !   3       sun.util.locale.provider.JRELocaleProviderAdapter::getDateFormatSymbolsProvider (56 bytes)
Event: 851.247 Thread 0x000002c3c2449000 nmethod 23325 0x000002c3c9206110 code [0x000002c3c92062c0, 0x000002c3c9206950]
Event: 851.291 Thread 0x000002c3c2449000 23326       3       com.jidesoft.docking.DockingUtils::a (589 bytes)
Event: 851.295 Thread 0x000002c3c2449000 nmethod 23326 0x000002c3c9bf3910 code [0x000002c3c9bf3f20, 0x000002c3c9bf9af0]
Event: 851.317 Thread 0x000002c3c2441800 23327       4       ui.utils.o.b.B::a (104 bytes)
Event: 851.332 Thread 0x000002c3c2441800 nmethod 23327 0x000002c3c84c7550 code [0x000002c3c84c7760, 0x000002c3c84c7ff0]

GC Heap History (10 events):
Event: 850.244 GC heap before
{Heap before GC invocations=284 (full 14):
 PSYoungGen      total 41984K, used 26049K [0x00000007bc400000, 0x00000007c0000000, 0x00000007c0000000)
  eden space 23552K, 100% used [0x00000007bc400000,0x00000007bdb00000,0x00000007bdb00000)
  from space 18432K, 13% used [0x00000007bdb00000,0x00000007bdd704f8,0x00000007bed00000)
  to   space 17408K, 0% used [0x00000007bef00000,0x00000007bef00000,0x00000007c0000000)
 ParOldGen       total 258048K, used 136987K [0x0000000700000000, 0x000000070fc00000, 0x00000007bc400000)
  object space 258048K, 53% used [0x0000000700000000,0x00000007085c6fc8,0x000000070fc00000)
 Metaspace       used 82071K, capacity 83029K, committed 83584K, reserved 1120256K
  class space    used 12622K, capacity 12814K, committed 12928K, reserved 1048576K
Event: 850.250 GC heap after
Heap after GC invocations=284 (full 14):
 PSYoungGen      total 45568K, used 3153K [0x00000007bc400000, 0x00000007c0000000, 0x00000007c0000000)
  eden space 28160K, 0% used [0x00000007bc400000,0x00000007bc400000,0x00000007bdf80000)
  from space 17408K, 18% used [0x00000007bef00000,0x00000007bf214740,0x00000007c0000000)
  to   space 15872K, 0% used [0x00000007bdf80000,0x00000007bdf80000,0x00000007bef00000)
 ParOldGen       total 258048K, used 136987K [0x0000000700000000, 0x000000070fc00000, 0x00000007bc400000)
  object space 258048K, 53% used [0x0000000700000000,0x00000007085c6fc8,0x000000070fc00000)
 Metaspace       used 82071K, capacity 83029K, committed 83584K, reserved 1120256K
  class space    used 12622K, capacity 12814K, committed 12928K, reserved 1048576K
}
Event: 850.556 GC heap before
{Heap before GC invocations=285 (full 14):
 PSYoungGen      total 45568K, used 31313K [0x00000007bc400000, 0x00000007c0000000, 0x00000007c0000000)
  eden space 28160K, 100% used [0x00000007bc400000,0x00000007bdf80000,0x00000007bdf80000)
  from space 17408K, 18% used [0x00000007bef00000,0x00000007bf214740,0x00000007c0000000)
  to   space 15872K, 0% used [0x00000007bdf80000,0x00000007bdf80000,0x00000007bef00000)
 ParOldGen       total 258048K, used 136987K [0x0000000700000000, 0x000000070fc00000, 0x00000007bc400000)
  object space 258048K, 53% used [0x0000000700000000,0x00000007085c6fc8,0x000000070fc00000)
 Metaspace       used 82075K, capacity 83029K, committed 83584K, reserved 1120256K
  class space    used 12622K, capacity 12814K, committed 12928K, reserved 1048576K
Event: 850.561 GC heap after
Heap after GC invocations=285 (full 14):
 PSYoungGen      total 44032K, used 3153K [0x00000007bc400000, 0x00000007c0000000, 0x00000007c0000000)
  eden space 28160K, 0% used [0x00000007bc400000,0x00000007bc400000,0x00000007bdf80000)
  from space 15872K, 19% used [0x00000007bdf80000,0x00000007be294740,0x00000007bef00000)
  to   space 14848K, 0% used [0x00000007bf180000,0x00000007bf180000,0x00000007c0000000)
 ParOldGen       total 258048K, used 136987K [0x0000000700000000, 0x000000070fc00000, 0x00000007bc400000)
  object space 258048K, 53% used [0x0000000700000000,0x00000007085c6fc8,0x000000070fc00000)
 Metaspace       used 82075K, capacity 83029K, committed 83584K, reserved 1120256K
  class space    used 12622K, capacity 12814K, committed 12928K, reserved 1048576K
}
Event: 850.637 GC heap before
{Heap before GC invocations=286 (full 14):
 PSYoungGen      total 44032K, used 31313K [0x00000007bc400000, 0x00000007c0000000, 0x00000007c0000000)
  eden space 28160K, 100% used [0x00000007bc400000,0x00000007bdf80000,0x00000007bdf80000)
  from space 15872K, 19% used [0x00000007bdf80000,0x00000007be294740,0x00000007bef00000)
  to   space 14848K, 0% used [0x00000007bf180000,0x00000007bf180000,0x00000007c0000000)
 ParOldGen       total 258048K, used 136987K [0x0000000700000000, 0x000000070fc00000, 0x00000007bc400000)
  object space 258048K, 53% used [0x0000000700000000,0x00000007085c6fc8,0x000000070fc00000)
 Metaspace       used 82078K, capacity 83029K, committed 83584K, reserved 1120256K
  class space    used 12622K, capacity 12814K, committed 12928K, reserved 1048576K
Event: 850.643 GC heap after
Heap after GC invocations=286 (full 14):
 PSYoungGen      total 47616K, used 3077K [0x00000007bc400000, 0x00000007c0000000, 0x00000007c0000000)
  eden space 32768K, 0% used [0x00000007bc400000,0x00000007bc400000,0x00000007be400000)
  from space 14848K, 20% used [0x00000007bf180000,0x00000007bf481798,0x00000007c0000000)
  to   space 13824K, 0% used [0x00000007be400000,0x00000007be400000,0x00000007bf180000)
 ParOldGen       total 258048K, used 136987K [0x0000000700000000, 0x000000070fc00000, 0x00000007bc400000)
  object space 258048K, 53% used [0x0000000700000000,0x00000007085c6fc8,0x000000070fc00000)
 Metaspace       used 82078K, capacity 83029K, committed 83584K, reserved 1120256K
  class space    used 12622K, capacity 12814K, committed 12928K, reserved 1048576K
}
Event: 850.819 GC heap before
{Heap before GC invocations=287 (full 14):
 PSYoungGen      total 47616K, used 21361K [0x00000007bc400000, 0x00000007c0000000, 0x00000007c0000000)
  eden space 32768K, 55% used [0x00000007bc400000,0x00000007bd5dae68,0x00000007be400000)
  from space 14848K, 20% used [0x00000007bf180000,0x00000007bf481798,0x00000007c0000000)
  to   space 13824K, 0% used [0x00000007be400000,0x00000007be400000,0x00000007bf180000)
 ParOldGen       total 258048K, used 136987K [0x0000000700000000, 0x000000070fc00000, 0x00000007bc400000)
  object space 258048K, 53% used [0x0000000700000000,0x00000007085c6fc8,0x000000070fc00000)
 Metaspace       used 82079K, capacity 83029K, committed 83584K, reserved 1120256K
  class space    used 12622K, capacity 12814K, committed 12928K, reserved 1048576K
Event: 850.834 GC heap after
Heap after GC invocations=287 (full 14):
 PSYoungGen      total 46592K, used 1668K [0x00000007bc400000, 0x00000007c0000000, 0x00000007c0000000)
  eden space 32768K, 0% used [0x00000007bc400000,0x00000007bc400000,0x00000007be400000)
  from space 13824K, 12% used [0x00000007be400000,0x00000007be5a12a0,0x00000007bf180000)
  to   space 13312K, 0% used [0x00000007bf300000,0x00000007bf300000,0x00000007c0000000)
 ParOldGen       total 258048K, used 138488K [0x0000000700000000, 0x000000070fc00000, 0x00000007bc400000)
  object space 258048K, 53% used [0x0000000700000000,0x000000070873e2c8,0x000000070fc00000)
 Metaspace       used 82079K, capacity 83029K, committed 83584K, reserved 1120256K
  class space    used 12622K, capacity 12814K, committed 12928K, reserved 1048576K
}
Event: 850.834 GC heap before
{Heap before GC invocations=288 (full 15):
 PSYoungGen      total 46592K, used 1668K [0x00000007bc400000, 0x00000007c0000000, 0x00000007c0000000)
  eden space 32768K, 0% used [0x00000007bc400000,0x00000007bc400000,0x00000007be400000)
  from space 13824K, 12% used [0x00000007be400000,0x00000007be5a12a0,0x00000007bf180000)
  to   space 13312K, 0% used [0x00000007bf300000,0x00000007bf300000,0x00000007c0000000)
 ParOldGen       total 258048K, used 138488K [0x0000000700000000, 0x000000070fc00000, 0x00000007bc400000)
  object space 258048K, 53% used [0x0000000700000000,0x000000070873e2c8,0x000000070fc00000)
 Metaspace       used 82079K, capacity 83029K, committed 83584K, reserved 1120256K
  class space    used 12622K, capacity 12814K, committed 12928K, reserved 1048576K
Event: 851.245 GC heap after
Heap after GC invocations=288 (full 15):
 PSYoungGen      total 46592K, used 0K [0x00000007bc400000, 0x00000007c0000000, 0x00000007c0000000)
  eden space 32768K, 0% used [0x00000007bc400000,0x00000007bc400000,0x00000007be400000)
  from space 13824K, 0% used [0x00000007be400000,0x00000007be400000,0x00000007bf180000)
  to   space 13312K, 0% used [0x00000007bf300000,0x00000007bf300000,0x00000007c0000000)
 ParOldGen       total 258048K, used 132660K [0x0000000700000000, 0x000000070fc00000, 0x00000007bc400000)
  object space 258048K, 51% used [0x0000000700000000,0x000000070818d078,0x000000070fc00000)
 Metaspace       used 82079K, capacity 83029K, committed 83584K, reserved 1120256K
  class space    used 12622K, capacity 12814K, committed 12928K, reserved 1048576K
}

Deoptimization events (10 events):
Event: 681.769 Thread 0x000002c3de5fb000 Uncommon trap: reason=bimorphic action=maybe_recompile pc=0x000002c3c65ee81c method=java.util.HashMap.removeNode(ILjava/lang/Object;Ljava/lang/Object;ZZ)Ljava/util/HashMap$Node; @ 143
Event: 681.809 Thread 0x000002c3de5fb000 Uncommon trap: reason=null_check action=make_not_entrant pc=0x000002c3c9afbaac method=de.javasoft.plaf.synthetica.SyntheticaLookAndFeel.findComponent(Ljava/lang/String;Ljava/awt/Container;)Ljava/awt/Component; @ 25
Event: 800.753 Thread 0x000002c3de5fb000 Uncommon trap: reason=unstable_if action=reinterpret pc=0x000002c3c6d235a8 method=ui.views.c.w.enD()Z @ 20
Event: 824.884 Thread 0x000002c3de5fb000 Uncommon trap: reason=unstable_if action=reinterpret pc=0x000002c3c8d8c918 method=javax.swing.JTree.getExpandedDescendants(Ljavax/swing/tree/TreePath;)Ljava/util/Enumeration; @ 92
Event: 837.942 Thread 0x000002c3de5fb000 Uncommon trap: reason=class_check action=maybe_recompile pc=0x000002c3c8cfba68 method=sun.awt.image.OffScreenImageSource.sendPixels()V @ 69
Event: 837.942 Thread 0x000002c3de5fb000 Uncommon trap: reason=class_check action=maybe_recompile pc=0x000002c3c8cfba68 method=sun.awt.image.OffScreenImageSource.sendPixels()V @ 69
Event: 839.480 Thread 0x000002c3de5fb000 Uncommon trap: reason=unstable_if action=reinterpret pc=0x000002c3c6931174 method=java.awt.image.ComponentColorModel.getRGB(Ljava/lang/Object;)I @ 15
Event: 842.148 Thread 0x000002c3de5fb000 Uncommon trap: reason=unstable_if action=reinterpret pc=0x000002c3c991b870 method=ui.views.A.b.a.q.aiZ()Lui/data/bn; @ 13
Event: 845.563 Thread 0x000002c3de5fb000 Uncommon trap: reason=unstable_if action=reinterpret pc=0x000002c3c8726140 method=javax.swing.text.BoxView.paint(Ljava/awt/Graphics;Ljava/awt/Shape;)V @ 221
Event: 845.564 Thread 0x000002c3de5fb000 Uncommon trap: reason=unstable_if action=reinterpret pc=0x000002c3c842da88 method=javax.swing.text.BoxView.paint(Ljava/awt/Graphics;Ljava/awt/Shape;)V @ 221

Internal exceptions (10 events):
Event: 849.852 Thread 0x000002c3de5fb000 Exception <a 'de/concept/nlview/NlviewException'> (0x00000007bcf59528) thrown at [C:\re\workspace\8-2-build-windows-amd64-cygwin\jdk8u112\7884\hotspot\src\share\vm\prims\jni.cpp, line 709]
Event: 849.852 Thread 0x000002c3de5fb000 Exception <a 'de/concept/nlview/NlviewException'> (0x00000007bcf59f90) thrown at [C:\re\workspace\8-2-build-windows-amd64-cygwin\jdk8u112\7884\hotspot\src\share\vm\prims\jni.cpp, line 709]
Event: 849.852 Thread 0x000002c3de5fb000 Exception <a 'de/concept/nlview/NlviewException'> (0x00000007bcf5a9c0) thrown at [C:\re\workspace\8-2-build-windows-amd64-cygwin\jdk8u112\7884\hotspot\src\share\vm\prims\jni.cpp, line 709]
Event: 850.448 Thread 0x000002c3e4c06000 Exception <a 'java/lang/InterruptedException': sleep interrupted> (0x00000007bcf72c18) thrown at [C:\re\workspace\8-2-build-windows-amd64-cygwin\jdk8u112\7884\hotspot\src\share\vm\prims\jvm.cpp, line 3228]
Event: 850.448 Thread 0x000002c3e4c04800 Exception <a 'java/lang/InterruptedException': sleep interrupted> (0x00000007bcf74240) thrown at [C:\re\workspace\8-2-build-windows-amd64-cygwin\jdk8u112\7884\hotspot\src\share\vm\prims\jvm.cpp, line 3228]
Event: 850.587 Thread 0x000002c3e4c0a000 Exception <a 'sun/nio/fs/WindowsException'> (0x00000007bca02358) thrown at [C:\re\workspace\8-2-build-windows-amd64-cygwin\jdk8u112\7884\hotspot\src\share\vm\prims\jni.cpp, line 709]
Event: 850.588 Thread 0x000002c3e4c0a000 Exception <a 'sun/nio/fs/WindowsException'> (0x00000007bca02568) thrown at [C:\re\workspace\8-2-build-windows-amd64-cygwin\jdk8u112\7884\hotspot\src\share\vm\prims\jni.cpp, line 709]
Event: 850.588 Thread 0x000002c3e4c0a000 Exception <a 'sun/nio/fs/WindowsException'> (0x00000007bca02778) thrown at [C:\re\workspace\8-2-build-windows-amd64-cygwin\jdk8u112\7884\hotspot\src\share\vm\prims\jni.cpp, line 709]
Event: 850.588 Thread 0x000002c3e4c0a000 Exception <a 'sun/nio/fs/WindowsException'> (0x00000007bca02988) thrown at [C:\re\workspace\8-2-build-windows-amd64-cygwin\jdk8u112\7884\hotspot\src\share\vm\prims\jni.cpp, line 709]
Event: 850.621 Thread 0x000002c3e4c09000 Exception <a 'java/lang/InterruptedException': sleep interrupted> (0x00000007bc8e2768) thrown at [C:\re\workspace\8-2-build-windows-amd64-cygwin\jdk8u112\7884\hotspot\src\share\vm\prims\jvm.cpp, line 3180]

Events (10 events):
Event: 851.290 Executing VM operation: RevokeBias
Event: 851.290 Executing VM operation: RevokeBias done
Event: 851.295 Thread 0x000002c3c2449000 flushing nmethod 0x000002c3c84c6f10
Event: 851.295 Thread 0x000002c3c2449000 flushing nmethod 0x000002c3c85c9490
Event: 851.295 Thread 0x000002c3c2449000 flushing nmethod 0x000002c3c86b7990
Event: 851.296 Thread 0x000002c3c2449000 flushing nmethod 0x000002c3c8847250
Event: 851.376 Executing VM operation: BulkRevokeBias
Event: 851.376 Executing VM operation: BulkRevokeBias done
Event: 851.376 Executing VM operation: BulkRevokeBias
Event: 851.376 Executing VM operation: BulkRevokeBias done


Dynamic libraries:
0x00007ff6cd390000 - 0x00007ff6cd3c0000 	C:\Xilinx\Vivado\2017.4\bin\unwrapped\win64.o\vivado.exe
0x00007ffe975a0000 - 0x00007ffe97781000 	C:\WINDOWS\SYSTEM32\ntdll.dll
0x00007ffe97010000 - 0x00007ffe970c2000 	C:\WINDOWS\System32\KERNEL32.DLL
0x00007ffe93d60000 - 0x00007ffe93fd3000 	C:\WINDOWS\System32\KERNELBASE.dll
0x00007ffe93ac0000 - 0x00007ffe93bba000 	C:\WINDOWS\System32\ucrtbase.dll
0x00007ffe804a0000 - 0x00007ffe80546000 	C:\WINDOWS\SYSTEM32\MSVCP140.dll
0x00007ffe54400000 - 0x00007ffe54414000 	C:\Xilinx\Vivado\2017.4\lib\win64.o\librdi_commonmain.dll
0x00007ffe519e0000 - 0x00007ffe52686000 	C:\Xilinx\Vivado\2017.4\lib\win64.o\librdi_common.dll
0x00007ffe96e10000 - 0x00007ffe96fa0000 	C:\WINDOWS\System32\USER32.dll
0x00007ffe80480000 - 0x00007ffe80496000 	C:\WINDOWS\SYSTEM32\VCRUNTIME140.dll
0x00007ffe5ae50000 - 0x00007ffe5ae64000 	C:\Xilinx\Vivado\2017.4\lib\win64.o\libboost_signals.dll
0x00007ffe93970000 - 0x00007ffe93990000 	C:\WINDOWS\System32\win32u.dll
0x00007ffe97540000 - 0x00007ffe97568000 	C:\WINDOWS\System32\GDI32.dll
0x00007ffe93bc0000 - 0x00007ffe93d52000 	C:\WINDOWS\System32\gdi32full.dll
0x00007ffe94990000 - 0x00007ffe94a2f000 	C:\WINDOWS\System32\msvcp_win.dll
0x00007ffe54250000 - 0x00007ffe54276000 	C:\Xilinx\Vivado\2017.4\lib\win64.o\libboost_filesystem.dll
0x00007ffe620d0000 - 0x00007ffe620da000 	C:\Xilinx\Vivado\2017.4\lib\win64.o\librdi_commonversion.dll
0x00007ffe52a20000 - 0x00007ffe52b20000 	C:\Xilinx\Vivado\2017.4\lib\win64.o\librdi_commonxillic.dll
0x00007ffe95560000 - 0x00007ffe95601000 	C:\WINDOWS\System32\ADVAPI32.dll
0x00007ffe96af0000 - 0x00007ffe96b8e000 	C:\WINDOWS\System32\msvcrt.dll
0x00007ffe97130000 - 0x00007ffe9718b000 	C:\WINDOWS\System32\sechost.dll
0x0000000050940000 - 0x0000000050a6b000 	C:\Xilinx\Vivado\2017.4\lib\win64.o\tcl85t.dll
0x00007ffe97330000 - 0x00007ffe97454000 	C:\WINDOWS\System32\RPCRT4.dll
0x00007ffe96b90000 - 0x00007ffe96bfc000 	C:\WINDOWS\System32\WS2_32.dll
0x00007ffe50f20000 - 0x00007ffe5128e000 	C:\Xilinx\Vivado\2017.4\lib\win64.o\libCOIN-all.dll
0x00007ffe537b0000 - 0x00007ffe53a65000 	C:\Xilinx\Vivado\2017.4\lib\win64.o\libXil_lmgr11.dll
0x00007ffe956b0000 - 0x00007ffe96af0000 	C:\WINDOWS\System32\SHELL32.dll
0x00007ffe94e30000 - 0x00007ffe94f1d000 	C:\WINDOWS\System32\COMDLG32.dll
0x00007ffe94230000 - 0x00007ffe94279000 	C:\WINDOWS\System32\cfgmgr32.dll
0x00007ffe94a30000 - 0x00007ffe94d52000 	C:\WINDOWS\System32\combase.dll
0x00007ffe97490000 - 0x00007ffe97539000 	C:\WINDOWS\System32\shcore.dll
0x00007ffe93a40000 - 0x00007ffe93aba000 	C:\WINDOWS\System32\bcryptPrimitives.dll
0x00007ffe543e0000 - 0x00007ffe543f4000 	C:\Xilinx\Vivado\2017.4\lib\win64.o\libboost_date_time.dll
0x00007ffe94280000 - 0x00007ffe9498d000 	C:\WINDOWS\System32\windows.storage.dll
0x00007ffe970d0000 - 0x00007ffe97121000 	C:\WINDOWS\System32\SHLWAPI.dll
0x00007ffe53340000 - 0x00007ffe533bf000 	C:\Xilinx\Vivado\2017.4\lib\win64.o\libboost_program_options.dll
0x00007ffe938e0000 - 0x00007ffe938f1000 	C:\WINDOWS\System32\kernel.appcore.dll
0x00007ffe94d60000 - 0x00007ffe94e22000 	C:\WINDOWS\System32\OLEAUT32.dll
0x00007ffe93900000 - 0x00007ffe9391f000 	C:\WINDOWS\System32\profapi.dll
0x00007ffe53220000 - 0x00007ffe53334000 	C:\Xilinx\Vivado\2017.4\lib\win64.o\libboost_regex.dll
0x00007ffe96c00000 - 0x00007ffe96d51000 	C:\WINDOWS\System32\ole32.dll
0x00007ffe93920000 - 0x00007ffe9396c000 	C:\WINDOWS\System32\powrprof.dll
0x00007ffe938b0000 - 0x00007ffe938ba000 	C:\WINDOWS\System32\FLTLIB.DLL
0x00007ffe941d0000 - 0x00007ffe94227000 	C:\WINDOWS\System32\WINTRUST.dll
0x00007ffe63a20000 - 0x00007ffe63a2b000 	C:\Xilinx\Vivado\2017.4\lib\win64.o\libboost_system.dll
0x00007ffe938c0000 - 0x00007ffe938d2000 	C:\WINDOWS\System32\MSASN1.dll
0x00007ffe54220000 - 0x00007ffe54241000 	C:\Xilinx\Vivado\2017.4\lib\win64.o\libboost_thread.dll
0x00007ffe93fe0000 - 0x00007ffe941c2000 	C:\WINDOWS\System32\CRYPT32.dll
0x00007ffe63420000 - 0x00007ffe6342f000 	C:\Xilinx\Vivado\2017.4\lib\win64.o\libboost_xilinx.dll
0x00007ffe53190000 - 0x00007ffe53212000 	C:\Xilinx\Vivado\2017.4\lib\win64.o\libhdlpsolve.dll
0x00007ffe52b90000 - 0x00007ffe52c35000 	C:\Xilinx\Vivado\2017.4\lib\win64.o\libhdxml.dll
0x00007ffe513f0000 - 0x00007ffe519db400 	C:\Xilinx\Vivado\2017.4\lib\win64.o\libisl_iostreams.dll
0x00007ffe529f0000 - 0x00007ffe52a1e000 	C:\Xilinx\Vivado\2017.4\lib\win64.o\libisl_sysinfo.dll
0x00007ffe52b20000 - 0x00007ffe52b85000 	C:\Xilinx\Vivado\2017.4\lib\win64.o\liblmx6.0.dll
0x0000000050a70000 - 0x000000005130a000 	C:\Xilinx\Vivado\2017.4\tps\win64\jre\bin\server\jvm.dll
0x00007ffe53170000 - 0x00007ffe53185000 	C:\Xilinx\Vivado\2017.4\lib\win64.o\pthreadVC2.dll
0x00007ffe51290000 - 0x00007ffe513e1000 	C:\Xilinx\Vivado\2017.4\lib\win64.o\librdi_curl.dll
0x00007ffe529d0000 - 0x00007ffe529ec000 	C:\Xilinx\Vivado\2017.4\lib\win64.o\librdiconfig.dll
0x00007ffe97000000 - 0x00007ffe97008000 	C:\WINDOWS\System32\PSAPI.DLL
0x00007ffe53140000 - 0x00007ffe53161000 	C:\Xilinx\Vivado\2017.4\lib\win64.o\librdizlib.dll
0x0000000012000000 - 0x0000000012272000 	C:\Xilinx\Vivado\2017.4\lib\win64.o\xerces-c_3_1.dll
0x00007ffe7c230000 - 0x00007ffe7c6ee000 	C:\WINDOWS\SYSTEM32\WININET.dll
0x00007ffe91ec0000 - 0x00007ffe91f9d000 	C:\WINDOWS\SYSTEM32\WINHTTP.dll
0x00007ffe82650000 - 0x00007ffe82818000 	C:\WINDOWS\SYSTEM32\urlmon.dll
0x00007ffe7c770000 - 0x00007ffe7c787000 	C:\WINDOWS\SYSTEM32\NETAPI32.dll
0x00007ffe7fe00000 - 0x00007ffe7fea7000 	C:\WINDOWS\WinSxS\amd64_microsoft.windows.common-controls_6595b64144ccf1df_5.82.17134.472_none_f9558ad13092c43c\COMCTL32.dll
0x00007ffe88b70000 - 0x00007ffe88b79000 	C:\WINDOWS\SYSTEM32\WSOCK32.dll
0x00007ffe8eba0000 - 0x00007ffe8ebba000 	C:\WINDOWS\SYSTEM32\dhcpcsvc.DLL
0x00007ffe97480000 - 0x00007ffe97488000 	C:\WINDOWS\System32\NSI.dll
0x00007ffe52950000 - 0x00007ffe52977000 	C:\WINDOWS\SYSTEM32\VCOMP140.DLL
0x00007ffe311a0000 - 0x00007ffe32031000 	C:\Xilinx\Vivado\2017.4\lib\win64.o\gurobi65.dll
0x00007ffe58ed0000 - 0x00007ffe58edd000 	C:\Xilinx\Vivado\2017.4\lib\win64.o\libboost_chrono.dll
0x00007ffe738a0000 - 0x00007ffe73974000 	C:\WINDOWS\SYSTEM32\MSVCR110.dll
0x00007ffe529b0000 - 0x00007ffe529cb000 	C:\Xilinx\Vivado\2017.4\lib\win64.o\libboost_iostreams.dll
0x00007ffe52980000 - 0x00007ffe529a5000 	C:\Xilinx\Vivado\2017.4\lib\win64.o\libisl_iosutils.dll
0x00007ffe90aa0000 - 0x00007ffe90ac3000 	C:\WINDOWS\SYSTEM32\WINMM.dll
0x00007ffe8d620000 - 0x00007ffe8d62a000 	C:\WINDOWS\SYSTEM32\VERSION.dll
0x0000000050860000 - 0x0000000050932000 	C:\WINDOWS\SYSTEM32\MSVCR100.dll
0x00007ffe84f50000 - 0x00007ffe851f5000 	C:\WINDOWS\SYSTEM32\iertutil.dll
0x00007ffe90a70000 - 0x00007ffe90a9a000 	C:\WINDOWS\SYSTEM32\WINMMBASE.dll
0x00007ffe93300000 - 0x00007ffe9330b000 	C:\WINDOWS\SYSTEM32\CRYPTBASE.DLL
0x00007ffe96de0000 - 0x00007ffe96e0d000 	C:\WINDOWS\System32\IMM32.DLL
0x00007ffe50a90000 - 0x00007ffe50f1a000 	C:\Xilinx\Vivado\2017.4\lib\win64.o\librdi_commontasks.dll
0x00007ffe50850000 - 0x00007ffe50a8f000 	C:\Xilinx\Vivado\2017.4\lib\win64.o\librdi_sio.dll
0x00007ffe92eb0000 - 0x00007ffe92ee8000 	C:\WINDOWS\SYSTEM32\IPHLPAPI.DLL
0x00007ffe2f030000 - 0x00007ffe31195000 	C:\Xilinx\Vivado\2017.4\lib\win64.o\librdi_tcltasks.dll
0x00007ffe3df40000 - 0x00007ffe3e2a6000 	C:\Xilinx\Vivado\2017.4\lib\win64.o\librdi_bitstream.dll
0x00007ffe3b830000 - 0x00007ffe3b9a9000 	C:\Xilinx\Vivado\2017.4\lib\win64.o\librdi_board.dll
0x00007ffe507e0000 - 0x00007ffe5084a000 	C:\Xilinx\Vivado\2017.4\lib\win64.o\librdi_boarddep.dll
0x00007ffe3b290000 - 0x00007ffe3b4d6000 	C:\Xilinx\Vivado\2017.4\lib\win64.o\librdi_chipscope.dll
0x00007ffe2d920000 - 0x00007ffe2f02b000 	C:\Xilinx\Vivado\2017.4\lib\win64.o\librdi_constraints.dll
0x00007ffe16010000 - 0x00007ffe1901e000 	C:\Xilinx\Vivado\2017.4\lib\win64.o\librdi_coregen.dll
0x00007ffe3b700000 - 0x00007ffe3b828000 	C:\Xilinx\Vivado\2017.4\lib\win64.o\librdi_containers.dll
0x00007ffe2d240000 - 0x00007ffe2d917000 	C:\Xilinx\Vivado\2017.4\lib\win64.o\librdi_coregenipxact.dll
0x00007ffe19d10000 - 0x00007ffe1d886000 	C:\Xilinx\Vivado\2017.4\lib\win64.o\librdi_designutils.dll
0x00007ffe04c50000 - 0x00007ffe111e2000 	C:\Xilinx\Vivado\2017.4\lib\win64.o\librdi_device.dll
0x00007ffe23950000 - 0x00007ffe23bc5000 	C:\Xilinx\Vivado\2017.4\lib\win64.o\librdi_dlyest.dll
0x00007ffe195d0000 - 0x00007ffe19d08000 	C:\Xilinx\Vivado\2017.4\lib\win64.o\librdi_drc.dll
0x00007ffe3b1c0000 - 0x00007ffe3b28e000 	C:\Xilinx\Vivado\2017.4\lib\win64.o\librdi_dsp.dll
0x00007ffe19020000 - 0x00007ffe195d0000 	C:\Xilinx\Vivado\2017.4\lib\win64.o\librdi_filemgmt.dll
0x00007ffe2b4f0000 - 0x00007ffe2b76b000 	C:\Xilinx\Vivado\2017.4\lib\win64.o\librdi_guitools.dll
0x00007ffe528f0000 - 0x00007ffe52948000 	C:\Xilinx\Vivado\2017.4\lib\win64.o\librdi_hdf.dll
0x00007ffe15140000 - 0x00007ffe16009000 	C:\Xilinx\Vivado\2017.4\lib\win64.o\librdi_implflow.dll
0x00007ffe14b40000 - 0x00007ffe15137000 	C:\Xilinx\Vivado\2017.4\lib\win64.o\librdi_memdata.dll
0x00007ffe11690000 - 0x00007ffe14b31000 	C:\Xilinx\Vivado\2017.4\lib\win64.o\librdi_mig.dll
0x00007ffe111f0000 - 0x00007ffe11683000 	C:\Xilinx\Vivado\2017.4\lib\win64.o\librdi_netlist.dll
0x00007ffe50790000 - 0x00007ffe507d7000 	C:\Xilinx\Vivado\2017.4\lib\win64.o\librdi_pfi.dll
0x00007ffe01560000 - 0x00007ffe03605000 	C:\Xilinx\Vivado\2017.4\lib\win64.o\librdi_place.dll
0x00007ffe2b2c0000 - 0x00007ffe2b4eb000 	C:\Xilinx\Vivado\2017.4\lib\win64.o\librdi_platform.dll
0x00007ffe04060000 - 0x00007ffe046ee000 	C:\Xilinx\Vivado\2017.4\lib\win64.o\librdi_power.dll
0x00007ffe046f0000 - 0x00007ffe04c44000 	C:\Xilinx\Vivado\2017.4\lib\win64.o\librdi_project.dll
0x00007ffe039f0000 - 0x00007ffe0405d000 	C:\Xilinx\Vivado\2017.4\lib\win64.o\librdi_psta.dll
0x00007ffe00dc0000 - 0x00007ffe01557000 	C:\Xilinx\Vivado\2017.4\lib\win64.o\librdi_rsb.dll
0x00007ffe03610000 - 0x00007ffe039e9000 	C:\Xilinx\Vivado\2017.4\lib\win64.o\librdi_runs.dll
0x00007ffe3b0e0000 - 0x00007ffe3b1b7000 	C:\Xilinx\Vivado\2017.4\lib\win64.o\librdi_runsbase.dll
0x00007ffe00c00000 - 0x00007ffe00db8000 	C:\Xilinx\Vivado\2017.4\lib\win64.o\librdi_simdata.dll
0x00007ffdfff70000 - 0x00007ffe00bf3000 	C:\Xilinx\Vivado\2017.4\lib\win64.o\librdi_timing.dll
0x00007ffe40270000 - 0x00007ffe402bc000 	C:\Xilinx\Vivado\2017.4\lib\win64.o\libboost_serialization.dll
0x00007ffe41ba0000 - 0x00007ffe41c0b000 	C:\Xilinx\Vivado\2017.4\lib\win64.o\librdi_hip_devdesign.dll
0x00007ffe3def0000 - 0x00007ffe3df32000 	C:\Xilinx\Vivado\2017.4\lib\win64.o\librdi_ipconfig_readwrite.dll
0x00007ffe50760000 - 0x00007ffe5078f000 	C:\Xilinx\Vivado\2017.4\lib\win64.o\librdi_noc_frameworks.dll
0x00007ffdfef60000 - 0x00007ffdffa13000 	C:\Xilinx\Vivado\2017.4\lib\win64.o\libverific.dll
0x00007ffdffa20000 - 0x00007ffdfff6e000 	C:\Xilinx\Vivado\2017.4\lib\win64.o\librdi_xdm.dll
0x00007ffe3ba00000 - 0x00007ffe3ba9e000 	C:\Xilinx\Vivado\2017.4\lib\win64.o\libise.dll
0x00007ffdfea90000 - 0x00007ffdfef53000 	C:\Xilinx\Vivado\2017.4\lib\win64.o\librdi_wavedata.dll
0x00007ffe401e0000 - 0x00007ffe40226000 	C:\Xilinx\Vivado\2017.4\lib\win64.o\librdi_wavedata_SimpleApi.dll
0x00007ffdfdab0000 - 0x00007ffdfdc5b000 	C:\Xilinx\Vivado\2017.4\lib\win64.o\librdi_nocdb.dll
0x00007ffdfd8e0000 - 0x00007ffdfdaa7000 	C:\Xilinx\Vivado\2017.4\lib\win64.o\librdi_noctools.dll

VM Arguments:
jvm_args: -Dsun.java2d.pmoffscreen=false -Dsun.java2d.xrender=false -Dsun.java2d.d3d=false -Dsun.awt.nopixfmt=true -Xverify:none -Dswing.aatext=true -XX:-UsePerfData -Djdk.map.althashing.threshold=512 -XX:StringTableSize=4072 -XX:NewSize=60m -XX:MaxNewSize=60m -Xms128m -Xmx3072m -Xss5m 
java_command: <unknown>
java_class_path (initial): C:/Xilinx/Vivado/2017.4\lib\classes\alloy.jar;C:/Xilinx/Vivado/2017.4\lib\classes\autopilot.scelaborator.jar;C:/Xilinx/Vivado/2017.4\lib\classes\autopilot.sourceprocessor.jar;C:/Xilinx/Vivado/2017.4\lib\classes\autopilot.tbprocessor.jar;C:/Xilinx/Vivado/2017.4\lib\classes\batik-anim.jar;C:/Xilinx/Vivado/2017.4\lib\classes\batik-awt-util.jar;C:/Xilinx/Vivado/2017.4\lib\classes\batik-bridge.jar;C:/Xilinx/Vivado/2017.4\lib\classes\batik-codec.jar;C:/Xilinx/Vivado/2017.4\lib\classes\batik-css.jar;C:/Xilinx/Vivado/2017.4\lib\classes\batik-dom.jar;C:/Xilinx/Vivado/2017.4\lib\classes\batik-ext.jar;C:/Xilinx/Vivado/2017.4\lib\classes\batik-gui-util.jar;C:/Xilinx/Vivado/2017.4\lib\classes\batik-gvt.jar;C:/Xilinx/Vivado/2017.4\lib\classes\batik-parser.jar;C:/Xilinx/Vivado/2017.4\lib\classes\batik-script.jar;C:/Xilinx/Vivado/2017.4\lib\classes\batik-svg-dom.jar;C:/Xilinx/Vivado/2017.4\lib\classes\batik-swing.jar;C:/Xilinx/Vivado/2017.4\lib\classes\batik-transcoder.jar;C:/Xilinx/Vivado/2017.4\lib\classes\batik-util.jar;C:/Xilinx/Vivado/2017.4\lib\classes\batik-xml.jar;C:/Xilinx/Vivado/2017.4\lib\classes\com.ibm.icu_4.4.2.v20110208.jar;C:/Xilinx/Vivado/2017.4\lib\classes\commons-math-2.2.jar;C:/Xilinx/Vivado/2017.4\lib\classes\dom4j-1.6.1.jar;C:/Xilinx/Vivado/2017.4\lib\classes\guava-18.0.jar;C:/Xilinx/Vivado/2017.4\lib\classes\help.jar;C:/Xilinx/Vivado/2017.4\lib\classes\hsqldb.jar;C:/Xilinx/Vivado/2017.4\lib\classes\jargs.jar;C:/Xilinx/Vivado/2017.4\lib\classes\jh.jar;C:/Xilinx/Vivado/2017.4\lib\classes\jide-action.jar;C:/Xilinx/Vivado/2017.4\lib\classes\jide-charts.jar;C:/Xilinx/Vivado/2017.4\lib\classes\jide-common.jar;C:/Xilinx/Vivado/2017.4\lib\classes\jide-components.jar;C:/Xilinx/Vivado/2017.4\lib\classes\jide-dashboard.jar;C:/Xilinx/Vivado/2017.4\lib\classes\jide-data.jar;C:/Xilinx/Vivado/2017.4\lib\classes\jide-dialogs.jar;C:/Xilinx/Vivado/2017.4\lib\classes\jide-diff.jar;C:/Xilinx/Vivado/2017.4\lib\classes\jide-dock.jar;C:/Xilinx/Vivado/20
Launcher Type: generic

Environment Variables:
PATH=C:/Xilinx/Vivado/2017.4/bin;C:/Xilinx/Vivado/2017.4/lib/win64.o;C:/Xilinx/Vivado/2017.4/tps/win64/jre/bin/server;C:/Xilinx/Vivado/2017.4/tps/win64/jre/bin;C:/Xilinx/SDK/2017.4/bin;C:/Xilinx/Vivado/2017.4/ids_lite/ISE/bin/nt64;C:/Xilinx/Vivado/2017.4/ids_lite/ISE/lib/nt64;C:\Program Files (x86)\Common Files\Oracle\Java\javapath;C:\Program Files (x86)\Intel\iCLS Client\;C:\Program Files\Intel\iCLS Client\;C:\WINDOWS\system32;C:\WINDOWS;C:\WINDOWS\System32\Wbem;C:\WINDOWS\System32\WindowsPowerShell\v1.0\;C:\Program Files (x86)\Intel\Intel(R) Management Engine Components\DAL;C:\Program Files\Intel\Intel(R) Management Engine Components\DAL;C:\Program Files (x86)\Intel\Intel(R) Management Engine Components\IPT;C:\Program Files\Intel\Intel(R) Management Engine Components\IPT;C:\Program Files\Symantec.cloud\PlatformAgent\;C:\Program Files\Git\cmd;C:\WINDOWS\System32\OpenSSH\;C:\Program Files\Intel\WiFi\bin\;C:\Program Files\Common Files\Intel\WirelessCommon\;D:\Geth;C:\texlive\2018\bin\win32;C:\Users\shreejith.shanker\AppData\Local\Microsoft\WindowsApps;C:\Users\shreejith.shanker\AppData\Local\Programs\MiKTeX 2.9\miktex\bin\x64\;C:\Users\shreejith.shanker\AppData\Local\Programs\Python\Python36;C:\Users\shreejith.shanker\AppData\Local\Programs\Python\Python36\Scripts;C:\Users\shreejith.shanker\AppData\Local\GitHubDesktop\bin;%USERPROFILE%\AppData\Local\Microsoft\WindowsApps;C:/Xilinx/Vivado/2017.4\tps\mingw\6.2.0\win64.o\nt\bin;C:/Xilinx/Vivado/2017.4\tps\mingw\6.2.0\win64.o\nt\libexec\gcc\x86_64-w64-mingw32\6.2.0
USERNAME=shreejith.shanker
OS=Windows_NT
PROCESSOR_IDENTIFIER=Intel64 Family 6 Model 78 Stepping 3, GenuineIntel



---------------  S Y S T E M  ---------------

OS: Windows 10.0 , 64 bit Build 17134 (10.0.17134.1)

CPU:total 4 (2 cores per cpu, 2 threads per core) family 6 model 78 stepping 3, cmov, cx8, fxsr, mmx, sse, sse2, sse3, ssse3, sse4.1, sse4.2, popcnt, avx, avx2, aes, clmul, erms, rtm, 3dnowpref, lzcnt, ht, tsc, tscinvbit, bmi1, bmi2, adx

Memory: 4k page, physical 8217132k(1260356k free), swap 27091500k(13292176k free)

vm_info: Java HotSpot(TM) 64-Bit Server VM (25.112-b15) for windows-amd64 JRE (1.8.0_112-b15), built on Sep 22 2016 21:31:56 by "java_re" with MS VC++ 10.0 (VS2010)

time: Fri Dec 21 15:10:25 2018
elapsed time: 851 seconds (0d 0h 14m 11s)

